#
# There is insufficient memory for the Java Runtime Environment to continue.
# Native memory allocation (mmap) failed to map 266338304 bytes for G1 virtual space
# Possible reasons:
#   The system is out of physical RAM or swap space
#   The process is running with CompressedOops enabled, and the Java Heap may be blocking the growth of the native heap
# Possible solutions:
#   Reduce memory load on the system
#   Increase physical memory or swap space
#   Check if swap backing store is full
#   Decrease Java heap size (-Xmx/-Xms)
#   Decrease number of Java threads
#   Decrease Java thread stack sizes (-Xss)
#   Set larger code cache with -XX:ReservedCodeCacheSize=
#   JVM is running with Zero Based Compressed Oops mode in which the Java heap is
#     placed in the first 32GB address space. The Java Heap base address is the
#     maximum limit for the native heap growth. Please use -XX:HeapBaseMinAddress
#     to set the Java Heap base and to place the Java Heap above 32GB virtual address.
# This output file may be truncated or incomplete.
#
#  Out of Memory Error (os_windows.cpp:3548), pid=15288, tid=19260
#
# JRE version:  (17.0.10+11) (build )
# Java VM: Java HotSpot(TM) 64-Bit Server VM (17.0.10+11-LTS-240, mixed mode, sharing, tiered, compressed oops, compressed class ptrs, g1 gc, windows-amd64)
# No core dump will be written. Minidumps are not enabled by default on client versions of Windows
#

---------------  S U M M A R Y ------------

Command Line: -Dnet.bytebuddy.agent.attacher.dump= net.bytebuddy.agent.Attacher com.sun.tools.attach.VirtualMachine 22100 C:\Users\Nipuna Pamuditha\.m2\repository\net\bytebuddy\byte-buddy-agent\1.14.18\byte-buddy-agent-1.14.18.jar false 

Host: Intel(R) Core(TM) i5-9300H CPU @ 2.40GHz, 8 cores, 15G,  Windows 10 , 64 bit Build 19041 (10.0.19041.4842)
Time: Sun Oct  6 21:53:59 2024 SA Western Standard Time elapsed time: 0.010421 seconds (0d 0h 0m 0s)

---------------  T H R E A D  ---------------

Current thread (0x00000275da586ea0):  JavaThread "Unknown thread" [_thread_in_vm, id=19260, stack(0x000000d435900000,0x000000d435a00000)]

Stack: [0x000000d435900000,0x000000d435a00000]
Native frames: (J=compiled Java code, j=interpreted, Vv=VM code, C=native code)
V  [jvm.dll+0x677a5a]
V  [jvm.dll+0x7d8b2d]
V  [jvm.dll+0x7da48e]
V  [jvm.dll+0x7daaf3]
V  [jvm.dll+0x2455ff]
V  [jvm.dll+0x6749b9]
V  [jvm.dll+0x669382]
V  [jvm.dll+0x302e96]
V  [jvm.dll+0x30a416]
V  [jvm.dll+0x359cbe]
V  [jvm.dll+0x359eef]
V  [jvm.dll+0x2d9e88]
V  [jvm.dll+0x2dadf4]
V  [jvm.dll+0x7aa551]
V  [jvm.dll+0x367911]
V  [jvm.dll+0x789639]
V  [jvm.dll+0x3eb30f]
V  [jvm.dll+0x3ecd91]
C  [jli.dll+0x5297]
C  [ucrtbase.dll+0x21bb2]
C  [KERNEL32.DLL+0x17374]
C  [ntdll.dll+0x4cc91]


---------------  P R O C E S S  ---------------

Threads class SMR info:
_java_thread_list=0x00007ffc71cc6a18, length=0, elements={
}

Java Threads: ( => current thread )

Other Threads:
  0x00000275da5f7ef0 GCTaskThread "GC Thread#0" [stack: 0x000000d435a00000,0x000000d435b00000] [id=21448]
  0x00000275da608b40 ConcurrentGCThread "G1 Main Marker" [stack: 0x000000d435b00000,0x000000d435c00000] [id=16960]
  0x00000275da609550 ConcurrentGCThread "G1 Conc#0" [stack: 0x000000d435c00000,0x000000d435d00000] [id=15048]

[error occurred during error reporting (printing all threads), id 0xc0000005, EXCEPTION_ACCESS_VIOLATION (0xc0000005) at pc=0x00007ffc714faae7]

VM state: not at safepoint (not fully initialized)

VM Mutex/Monitor currently owned by a thread:  ([mutex/lock_event])
[0x00000275da581310] Heap_lock - owner thread: 0x00000275da586ea0

Heap address: 0x0000000703000000, size: 4048 MB, Compressed Oops mode: Zero based, Oop shift amount: 3

CDS archive(s) mapped at: [0x0000000000000000-0x0000000000000000-0x0000000000000000), size 0, SharedBaseAddress: 0x0000000800000000, ArchiveRelocationMode: 1.
Narrow klass base: 0x0000000000000000, Narrow klass shift: 0, Narrow klass range: 0x0

GC Precious Log:
<Empty>

Heap:
 garbage-first heap   total 0K, used 0K [0x0000000703000000, 0x0000000800000000)
  region size 2048K, 0 young (0K), 0 survivors (0K)

[error occurred during error reporting (printing heap information), id 0xc0000005, EXCEPTION_ACCESS_VIOLATION (0xc0000005) at pc=0x00007ffc718e1249]

GC Heap History (0 events):
No events

Deoptimization events (0 events):
No events

Classes unloaded (0 events):
No events

Classes redefined (0 events):
No events

Internal exceptions (0 events):
No events

VM Operations (0 events):
No events

Events (1 events):
Event: 0.006 Loaded shared library C:\Program Files\Java\jdk-17\bin\java.dll


Dynamic libraries:
0x00007ff680140000 - 0x00007ff680150000 	C:\Program Files\Java\jdk-17\bin\java.exe
0x00007ffcdaa50000 - 0x00007ffcdac48000 	C:\Windows\SYSTEM32\ntdll.dll
0x00007ffcd98e0000 - 0x00007ffcd99a1000 	C:\Windows\System32\KERNEL32.DLL
0x00007ffcd8100000 - 0x00007ffcd83fd000 	C:\Windows\System32\KERNELBASE.dll
0x00007ffcd8400000 - 0x00007ffcd8500000 	C:\Windows\System32\ucrtbase.dll
0x00007ffcc4920000 - 0x00007ffcc4939000 	C:\Program Files\Java\jdk-17\bin\jli.dll
0x00007ffcc4a10000 - 0x00007ffcc4a2b000 	C:\Program Files\Java\jdk-17\bin\VCRUNTIME140.dll
0x00007ffcd9b00000 - 0x00007ffcd9bb0000 	C:\Windows\System32\ADVAPI32.dll
0x00007ffcd9bb0000 - 0x00007ffcd9c4e000 	C:\Windows\System32\msvcrt.dll
0x00007ffcd9a60000 - 0x00007ffcd9b00000 	C:\Windows\System32\sechost.dll
0x00007ffcd9d80000 - 0x00007ffcd9ea3000 	C:\Windows\System32\RPCRT4.dll
0x00007ffcd8550000 - 0x00007ffcd8577000 	C:\Windows\System32\bcrypt.dll
0x00007ffcda4b0000 - 0x00007ffcda64d000 	C:\Windows\System32\USER32.dll
0x00007ffcd86a0000 - 0x00007ffcd86c2000 	C:\Windows\System32\win32u.dll
0x00007ffccbac0000 - 0x00007ffccbd5a000 	C:\Windows\WinSxS\amd64_microsoft.windows.common-controls_6595b64144ccf1df_6.0.19041.4355_none_60b8b9eb71f62e16\COMCTL32.dll
0x00007ffcd8a80000 - 0x00007ffcd8aab000 	C:\Windows\System32\GDI32.dll
0x00007ffcd8580000 - 0x00007ffcd8697000 	C:\Windows\System32\gdi32full.dll
0x00007ffcd8810000 - 0x00007ffcd88ad000 	C:\Windows\System32\msvcp_win.dll
0x00007ffcd2e80000 - 0x00007ffcd2e8a000 	C:\Windows\SYSTEM32\VERSION.dll
0x00007ffcda910000 - 0x00007ffcda93f000 	C:\Windows\System32\IMM32.DLL
0x00007ffcc4910000 - 0x00007ffcc491c000 	C:\Program Files\Java\jdk-17\bin\vcruntime140_1.dll
0x00007ffcb0c10000 - 0x00007ffcb0c9e000 	C:\Program Files\Java\jdk-17\bin\msvcp140.dll
0x00007ffc71210000 - 0x00007ffc71def000 	C:\Program Files\Java\jdk-17\bin\server\jvm.dll
0x00007ffcd9fa0000 - 0x00007ffcd9fa8000 	C:\Windows\System32\PSAPI.DLL
0x00007ffcc4340000 - 0x00007ffcc4349000 	C:\Windows\SYSTEM32\WSOCK32.dll
0x00007ffccbfa0000 - 0x00007ffccbfc7000 	C:\Windows\SYSTEM32\WINMM.dll
0x00007ffcd9c50000 - 0x00007ffcd9cbb000 	C:\Windows\System32\WS2_32.dll
0x00007ffcd5f40000 - 0x00007ffcd5f52000 	C:\Windows\SYSTEM32\kernel.appcore.dll
0x00007ffcc4330000 - 0x00007ffcc433a000 	C:\Program Files\Java\jdk-17\bin\jimage.dll
0x00007ffcc4a70000 - 0x00007ffcc4c54000 	C:\Windows\SYSTEM32\DBGHELP.DLL
0x00007ffcbc0d0000 - 0x00007ffcbc104000 	C:\Windows\SYSTEM32\dbgcore.DLL
0x00007ffcd8780000 - 0x00007ffcd8802000 	C:\Windows\System32\bcryptPrimitives.dll
0x00007ffcbff00000 - 0x00007ffcbff25000 	C:\Program Files\Java\jdk-17\bin\java.dll

dbghelp: loaded successfully - version: 4.0.5 - missing functions: none
symbol engine: initialized successfully - sym options: 0x614 - pdb path: .;C:\Program Files\Java\jdk-17\bin;C:\Windows\SYSTEM32;C:\Windows\WinSxS\amd64_microsoft.windows.common-controls_6595b64144ccf1df_6.0.19041.4355_none_60b8b9eb71f62e16;C:\Program Files\Java\jdk-17\bin\server

VM Arguments:
jvm_args: -Dnet.bytebuddy.agent.attacher.dump= 
java_command: net.bytebuddy.agent.Attacher com.sun.tools.attach.VirtualMachine 22100 C:\Users\Nipuna Pamuditha\.m2\repository\net\bytebuddy\byte-buddy-agent\1.14.18\byte-buddy-agent-1.14.18.jar false 
java_class_path (initial): C:\Users\Nipuna Pamuditha\.m2\repository\net\bytebuddy\byte-buddy-agent\1.14.18\byte-buddy-agent-1.14.18.jar
Launcher Type: SUN_STANDARD

[Global flags]
     intx CICompilerCount                          = 4                                         {product} {ergonomic}
     uint ConcGCThreads                            = 2                                         {product} {ergonomic}
     uint G1ConcRefinementThreads                  = 8                                         {product} {ergonomic}
   size_t G1HeapRegionSize                         = 2097152                                   {product} {ergonomic}
    uintx GCDrainStackTargetSize                   = 64                                        {product} {ergonomic}
   size_t InitialHeapSize                          = 266338304                                 {product} {ergonomic}
   size_t MarkStackSize                            = 4194304                                   {product} {ergonomic}
   size_t MaxHeapSize                              = 4244635648                                {product} {ergonomic}
   size_t MinHeapDeltaBytes                        = 2097152                                   {product} {ergonomic}
   size_t MinHeapSize                              = 8388608                                   {product} {ergonomic}
    uintx NonNMethodCodeHeapSize                   = 5839372                                {pd product} {ergonomic}
    uintx NonProfiledCodeHeapSize                  = 122909434                              {pd product} {ergonomic}
    uintx ProfiledCodeHeapSize                     = 122909434                              {pd product} {ergonomic}
    uintx ReservedCodeCacheSize                    = 251658240                              {pd product} {ergonomic}
     bool SegmentedCodeCache                       = true                                      {product} {ergonomic}
   size_t SoftMaxHeapSize                          = 4244635648                             {manageable} {ergonomic}
     bool UseCompressedClassPointers               = true                           {product lp64_product} {ergonomic}
     bool UseCompressedOops                        = true                           {product lp64_product} {ergonomic}
     bool UseG1GC                                  = true                                      {product} {ergonomic}
     bool UseLargePagesIndividualAllocation        = false                                  {pd product} {ergonomic}

Logging:
Log output configuration:
 #0: stdout all=warning uptime,level,tags
 #1: stderr all=off uptime,level,tags

Environment Variables:
PATH=D:\New Folder\bin\;C:\Python312\Scripts\;C:\Python312\;C:\Program Files\Common Files\Oracle\Java\javapath;C:\Windows\system32;C:\Windows;C:\Windows\System32\Wbem;C:\Windows\System32\WindowsPowerShell\v1.0\;C:\Windows\System32\OpenSSH\;C:\Program Files\NVIDIA Corporation\NVIDIA NvDLISR;C:\Program Files\PuTTY\;C:\Program Files\Git\cmd;C:\Program Files\Amazon\AWSCLIV2\;C:\Program Files\dotnet\;C:\Program Files\Apache\Maven\apache-maven-3.9.8\bin;C:\Program Files (x86)\Paragon Software\ExtFS for Windows\;C:\Program Files\nodejs\;C:\ProgramData\chocolatey\bin;C:\Program Files\Go\bin;C:\Program Files\Apache\Maven\apache-maven-3.9.8\bin;C:\Users\Nipuna Pamuditha\AppData\Local\Programs\Python\Python311\;C:\Users\Nipuna Pamuditha\AppData\Local\Microsoft\WindowsApps;C:\Users\Nipuna Pamuditha\AppData\Local\Programs\Microsoft VS Code\bin;C:\Program Files (x86)\nodejs;C:\Users\Nipuna Pamuditha\AppData\Roaming\npm;C:\Users\Nipuna Pamuditha\go\bin
USERNAME=Nipuna Pamuditha
LANG=en_US.UTF-8
OS=Windows_NT
PROCESSOR_IDENTIFIER=Intel64 Family 6 Model 158 Stepping 10, GenuineIntel



---------------  S Y S T E M  ---------------

OS:
 Windows 10 , 64 bit Build 19041 (10.0.19041.4842)
OS uptime: 0 days 10:13 hours
Hyper-V role detected

CPU: total 8 (initial active 8) (4 cores per cpu, 2 threads per core) family 6 model 158 stepping 10 microcode 0xb4, cx8, cmov, fxsr, ht, mmx, 3dnowpref, sse, sse2, sse3, ssse3, sse4.1, sse4.2, popcnt, lzcnt, tsc, tscinvbit, avx, avx2, aes, erms, clmul, bmi1, bmi2, adx, fma, vzeroupper, clflush, clflushopt, hv

Memory: 4k page, system-wide physical 16190M (1730M free)
TotalPageFile size 24995M (AvailPageFile size 190M)
current process WorkingSet (physical memory assigned to process): 10M, peak: 10M
current process commit charge ("private bytes"): 60M, peak: 314M

vm_info: Java HotSpot(TM) 64-Bit Server VM (17.0.10+11-LTS-240) for windows-amd64 JRE (17.0.10+11-LTS-240), built on Dec 19 2023 21:47:25 by "mach5one" with MS VC++ 17.1 (VS2022)

END.
